ISim log file
Running: M:\github\fpga\W25Q64JV\MainProgram\Output_Data_Collector_sim_isim_beh.exe -intstyle ise -gui -tclbatch isim.cmd -wdb M:/github/fpga/W25Q64JV/MainProgram/Output_Data_Collector_sim_isim_beh.wdb 
ISim P.20131013 (signature 0x7708f090)
This is a Full version of ISim.
Time resolution is 1 ps
# onerror resume
# wave add /
# run 1000 ns
Simulator is doing circuit initialization process.
Finished circuit initialization process.
# restart
# run 1.00us
Simulator is doing circuit initialization process.
Finished circuit initialization process.
# run 1.00us
# run 1.00us
# run 1.00us
# run 1.00us
ISim P.20131013 (signature 0x7708f090)
This is a Full version of ISim.
# run 1000 ns
Simulator is doing circuit initialization process.
Finished circuit initialization process.
# run 1.00us
# run 1.00us
# run 1.00us
# run 1.00us
# run 1.00us
ISim P.20131013 (signature 0x7708f090)
This is a Full version of ISim.
# run 1000 ns
Simulator is doing circuit initialization process.
Finished circuit initialization process.
# run 100.00us
# restart
# run 10.00us
Simulator is doing circuit initialization process.
Finished circuit initialization process.
