--------------------------------------------------------------------------------
Release 14.7 Trace  (nt64)
Copyright (c) 1995-2013 Xilinx, Inc.  All rights reserved.

M:\app\Xilinx\14.7\ISE_DS\ISE\bin\nt64\unwrapped\trce.exe -intstyle ise -v 3 -s
2 -n 3 -fastpaths -xml MainModule.twx MainModule.ncd -o MainModule.twr
MainModule.pcf -ucf MainModule.ucf

Design file:              MainModule.ncd
Physical constraint file: MainModule.pcf
Device,package,speed:     xc6slx9,tqg144,C,-2 (PRODUCTION 1.23 2013-10-13)
Report level:             verbose report

Environment Variable      Effect 
--------------------      ------ 
NONE                      No environment variables were set
--------------------------------------------------------------------------------

INFO:Timing:2698 - No timing constraints found, doing default enumeration.
INFO:Timing:3412 - To improve timing, see the Timing Closure User Guide (UG612).
INFO:Timing:2752 - To get complete path coverage, use the unconstrained paths 
   option. All paths that are not constrained will be reported in the 
   unconstrained paths section(s) of the report.
INFO:Timing:3339 - The clock-to-out numbers in this timing report are based on 
   a 50 Ohm transmission line loading model.  For the details of this model, 
   and for more information on accounting for different loading conditions, 
   please see the device datasheet.



Data Sheet report:
-----------------
All values displayed in nanoseconds (ns)

Setup/Hold to clock clk
------------+------------+------------+------------+------------+------------------+--------+
            |Max Setup to|  Process   |Max Hold to |  Process   |                  | Clock  |
Source      | clk (edge) |   Corner   | clk (edge) |   Corner   |Internal Clock(s) | Phase  |
------------+------------+------------+------------+------------+------------------+--------+
miso        |    2.104(F)|      SLOW  |   -0.643(F)|      FAST  |clk_IBUF_BUFG     |   0.000|
reset       |    6.875(R)|      SLOW  |   -0.856(R)|      FAST  |clk_IBUF_BUFG     |   0.000|
            |    6.719(F)|      SLOW  |   -1.936(F)|      FAST  |clk_IBUF_BUFG     |   0.000|
rx          |    2.991(R)|      SLOW  |   -0.862(R)|      FAST  |clk_IBUF_BUFG     |   0.000|
------------+------------+------------+------------+------------+------------------+--------+

Clock clk to Pad
------------+-----------------+------------+-----------------+------------+------------------+--------+
            |Max (slowest) clk|  Process   |Min (fastest) clk|  Process   |                  | Clock  |
Destination |  (edge) to PAD  |   Corner   |  (edge) to PAD  |   Corner   |Internal Clock(s) | Phase  |
------------+-----------------+------------+-----------------+------------+------------------+--------+
cs          |        10.625(F)|      SLOW  |         4.332(F)|      FAST  |clk_IBUF_BUFG     |   0.000|
mosi        |         9.590(F)|      SLOW  |         3.943(F)|      FAST  |clk_IBUF_BUFG     |   0.000|
sclk        |        10.896(F)|      SLOW  |         4.374(F)|      FAST  |clk_IBUF_BUFG     |   0.000|
tx          |        11.013(R)|      SLOW  |         4.841(R)|      FAST  |clk_IBUF_BUFG     |   0.000|
------------+-----------------+------------+-----------------+------------+------------------+--------+

Clock to Setup on destination clock clk
---------------+---------+---------+---------+---------+
               | Src:Rise| Src:Fall| Src:Rise| Src:Fall|
Source Clock   |Dest:Rise|Dest:Rise|Dest:Fall|Dest:Fall|
---------------+---------+---------+---------+---------+
clk            |    7.255|    3.350|    3.978|    5.608|
---------------+---------+---------+---------+---------+

Pad to Pad
---------------+---------------+---------+
Source Pad     |Destination Pad|  Delay  |
---------------+---------------+---------+
clk            |sclk           |   10.580|
---------------+---------------+---------+


Analysis completed Sun Sep 05 12:37:25 2021 
--------------------------------------------------------------------------------

Trace Settings:
-------------------------
Trace Settings 

Peak Memory Usage: 4572 MB



