Release 14.7 - xst P.20131013 (nt64)
Copyright (c) 1995-2013 Xilinx, Inc.  All rights reserved.
--> Parameter TMPDIR set to xst/projnav.tmp


Total REAL time to Xst completion: 0.00 secs
Total CPU time to Xst completion: 0.09 secs
 
--> Parameter xsthdpdir set to xst


Total REAL time to Xst completion: 0.00 secs
Total CPU time to Xst completion: 0.09 secs
 
--> Reading design: UART_Transmitter.prj

TABLE OF CONTENTS
  1) Synthesis Options Summary
  2) HDL Parsing
  3) HDL Elaboration
  4) HDL Synthesis
       4.1) HDL Synthesis Report
  5) Advanced HDL Synthesis
       5.1) Advanced HDL Synthesis Report
  6) Low Level Synthesis
  7) Partition Report
  8) Design Summary
       8.1) Primitive and Black Box Usage
       8.2) Device utilization summary
       8.3) Partition Resource Summary
       8.4) Timing Report
            8.4.1) Clock Information
            8.4.2) Asynchronous Control Signals Information
            8.4.3) Timing Summary
            8.4.4) Timing Details
            8.4.5) Cross Clock Domains Report


=========================================================================
*                      Synthesis Options Summary                        *
=========================================================================
---- Source Parameters
Input File Name                    : "UART_Transmitter.prj"
Ignore Synthesis Constraint File   : NO

---- Target Parameters
Output File Name                   : "UART_Transmitter"
Output Format                      : NGC
Target Device                      : xc6slx9-2-tqg144

---- Source Options
Top Module Name                    : UART_Transmitter
Automatic FSM Extraction           : YES
FSM Encoding Algorithm             : Auto
Safe Implementation                : No
FSM Style                          : LUT
RAM Extraction                     : Yes
RAM Style                          : Auto
ROM Extraction                     : Yes
Shift Register Extraction          : YES
ROM Style                          : Auto
Resource Sharing                   : YES
Asynchronous To Synchronous        : NO
Shift Register Minimum Size        : 2
Use DSP Block                      : Auto
Automatic Register Balancing       : No

---- Target Options
LUT Combining                      : Auto
Reduce Control Sets                : Auto
Add IO Buffers                     : YES
Global Maximum Fanout              : 100000
Add Generic Clock Buffer(BUFG)     : 16
Register Duplication               : YES
Optimize Instantiated Primitives   : NO
Use Clock Enable                   : Auto
Use Synchronous Set                : Auto
Use Synchronous Reset              : Auto
Pack IO Registers into IOBs        : Auto
Equivalent register Removal        : YES

---- General Options
Optimization Goal                  : Speed
Optimization Effort                : 1
Power Reduction                    : NO
Keep Hierarchy                     : No
Netlist Hierarchy                  : As_Optimized
RTL Output                         : Yes
Global Optimization                : AllClockNets
Read Cores                         : YES
Write Timing Constraints           : NO
Cross Clock Analysis               : NO
Hierarchy Separator                : /
Bus Delimiter                      : <>
Case Specifier                     : Maintain
Slice Utilization Ratio            : 100
BRAM Utilization Ratio             : 100
DSP48 Utilization Ratio            : 100
Auto BRAM Packing                  : NO
Slice Utilization Ratio Delta      : 5

=========================================================================


=========================================================================
*                          HDL Parsing                                  *
=========================================================================
Parsing VHDL file "M:\github\fpga\W25Q64JV\MainProgram\UART_Transmitter.vhd" into library work
Parsing entity <UART_Transmitter>.
Parsing architecture <Behavioral> of entity <uart_transmitter>.

=========================================================================
*                            HDL Elaboration                            *
=========================================================================

Elaborating entity <UART_Transmitter> (architecture <Behavioral>) with generics from library <work>.

=========================================================================
*                           HDL Synthesis                               *
=========================================================================

Synthesizing Unit <UART_Transmitter>.
    Related source file is "M:\github\fpga\W25Q64JV\MainProgram\UART_Transmitter.vhd".
        DATA_BIT_COUNT = 8
        TICK_PER_CYCLE = 16
    Found 4-bit register for signal <tick_counter_reg>.
    Found 3-bit register for signal <data_counter_reg>.
    Found 8-bit register for signal <data_reg>.
    Found 2-bit register for signal <state_reg>.
    Found 1-bit register for signal <tx>.
    Found finite state machine <FSM_0> for signal <state_reg>.
    -----------------------------------------------------------------------
    | States             | 4                                              |
    | Transitions        | 12                                             |
    | Inputs             | 4                                              |
    | Outputs            | 2                                              |
    | Clock              | clk (rising_edge)                              |
    | Reset              | reset (negative)                               |
    | Reset type         | asynchronous                                   |
    | Reset State        | idle                                           |
    | Power Up State     | idle                                           |
    | Encoding           | auto                                           |
    | Implementation     | LUT                                            |
    -----------------------------------------------------------------------
    Found 3-bit adder for signal <data_counter_reg[2]_GND_5_o_add_17_OUT> created at line 1241.
    Found 4-bit adder for signal <tick_counter_reg[3]_GND_5_o_add_30_OUT> created at line 1241.
    Found 4-bit 4-to-1 multiplexer for signal <tick_counter_next> created at line 58.
    Summary:
	inferred   2 Adder/Subtractor(s).
	inferred  16 D-type flip-flop(s).
	inferred  10 Multiplexer(s).
	inferred   1 Finite State Machine(s).
Unit <UART_Transmitter> synthesized.

=========================================================================
HDL Synthesis Report

Macro Statistics
# Adders/Subtractors                                   : 2
 3-bit adder                                           : 1
 4-bit adder                                           : 1
# Registers                                            : 4
 1-bit register                                        : 1
 3-bit register                                        : 1
 4-bit register                                        : 1
 8-bit register                                        : 1
# Multiplexers                                         : 10
 1-bit 2-to-1 multiplexer                              : 2
 3-bit 2-to-1 multiplexer                              : 1
 4-bit 2-to-1 multiplexer                              : 5
 4-bit 4-to-1 multiplexer                              : 1
 8-bit 2-to-1 multiplexer                              : 1
# FSMs                                                 : 1

=========================================================================

=========================================================================
*                       Advanced HDL Synthesis                          *
=========================================================================


Synthesizing (advanced) Unit <UART_Transmitter>.
The following registers are absorbed into counter <data_counter_reg>: 1 register on signal <data_counter_reg>.
Unit <UART_Transmitter> synthesized (advanced).

=========================================================================
Advanced HDL Synthesis Report

Macro Statistics
# Adders/Subtractors                                   : 1
 4-bit adder                                           : 1
# Counters                                             : 1
 3-bit up counter                                      : 1
# Registers                                            : 13
 Flip-Flops                                            : 13
# Multiplexers                                         : 9
 1-bit 2-to-1 multiplexer                              : 2
 4-bit 2-to-1 multiplexer                              : 5
 4-bit 4-to-1 multiplexer                              : 1
 8-bit 2-to-1 multiplexer                              : 1
# FSMs                                                 : 1

=========================================================================

=========================================================================
*                         Low Level Synthesis                           *
=========================================================================
Analyzing FSM <MFsm> for best encoding.
Optimizing FSM <FSM_0> on signal <state_reg[1:2]> with gray encoding.
-------------------
 State | Encoding
-------------------
 idle  | 00
 start | 01
 send  | 11
 stop  | 10
-------------------

Optimizing unit <UART_Transmitter> ...

Mapping all equations...
Building and optimizing final netlist ...
Found area constraint ratio of 100 (+ 5) on block UART_Transmitter, actual ratio is 0.

Final Macro Processing ...

=========================================================================
Final Register Report

Macro Statistics
# Registers                                            : 18
 Flip-Flops                                            : 18

=========================================================================

=========================================================================
*                           Partition Report                            *
=========================================================================

Partition Implementation Status
-------------------------------

  No Partitions were found in this design.

-------------------------------

=========================================================================
*                            Design Summary                             *
=========================================================================

Top Level Output File Name         : UART_Transmitter.ngc

Primitive and Black Box Usage:
------------------------------
# BELS                             : 37
#      INV                         : 1
#      LUT2                        : 2
#      LUT3                        : 12
#      LUT4                        : 3
#      LUT5                        : 4
#      LUT6                        : 11
#      MUXF7                       : 4
# FlipFlops/Latches                : 18
#      FDC                         : 7
#      FDCE                        : 11
# Clock Buffers                    : 1
#      BUFGP                       : 1
# IO Buffers                       : 13
#      IBUF                        : 11
#      OBUF                        : 2

Device utilization summary:
---------------------------

Selected Device : 6slx9tqg144-2 


Slice Logic Utilization: 
 Number of Slice Registers:              18  out of  11440     0%  
 Number of Slice LUTs:                   33  out of   5720     0%  
    Number used as Logic:                33  out of   5720     0%  

Slice Logic Distribution: 
 Number of LUT Flip Flop pairs used:     33
   Number with an unused Flip Flop:      15  out of     33    45%  
   Number with an unused LUT:             0  out of     33     0%  
   Number of fully used LUT-FF pairs:    18  out of     33    54%  
   Number of unique control sets:         3

IO Utilization: 
 Number of IOs:                          14
 Number of bonded IOBs:                  14  out of    102    13%  

Specific Feature Utilization:
 Number of BUFG/BUFGCTRLs:                1  out of     16     6%  

---------------------------
Partition Resource Summary:
---------------------------

  No Partitions were found in this design.

---------------------------


=========================================================================
Timing Report

NOTE: THESE TIMING NUMBERS ARE ONLY A SYNTHESIS ESTIMATE.
      FOR ACCURATE TIMING INFORMATION PLEASE REFER TO THE TRACE REPORT
      GENERATED AFTER PLACE-and-ROUTE.

Clock Information:
------------------
-----------------------------------+------------------------+-------+
Clock Signal                       | Clock buffer(FF name)  | Load  |
-----------------------------------+------------------------+-------+
clk                                | BUFGP                  | 18    |
-----------------------------------+------------------------+-------+

Asynchronous Control Signals Information:
----------------------------------------
No asynchronous control signals found in this design

Timing Summary:
---------------
Speed Grade: -2

   Minimum period: 4.436ns (Maximum Frequency: 225.428MHz)
   Minimum input arrival time before clock: 4.561ns
   Maximum output required time after clock: 6.993ns
   Maximum combinational path delay: 6.686ns

Timing Details:
---------------
All values displayed in nanoseconds (ns)

=========================================================================
Timing constraint: Default period analysis for Clock 'clk'
  Clock period: 4.436ns (frequency: 225.428MHz)
  Total number of paths / destination ports: 167 / 29
-------------------------------------------------------------------------
Delay:               4.436ns (Levels of Logic = 2)
  Source:            tick_counter_reg_2 (FF)
  Destination:       data_reg_0 (FF)
  Source Clock:      clk rising
  Destination Clock: clk rising

  Data Path: tick_counter_reg_2 to data_reg_0
                                Gate     Net
    Cell:in->out      fanout   Delay   Delay  Logical Name (Net Name)
    ----------------------------------------  ------------
     FDC:C->Q              7   0.525   1.138  tick_counter_reg_2 (tick_counter_reg_2)
     LUT4:I1->O           11   0.235   1.039  tick_counter_reg[3]_PWR_5_o_equal_30_o<3>1 (tick_counter_reg[3]_PWR_5_o_equal_30_o)
     LUT5:I4->O            8   0.254   0.943  _n0123_inv1 (_n0123_inv)
     FDCE:CE                   0.302          data_reg_0
    ----------------------------------------
    Total                      4.436ns (1.316ns logic, 3.120ns route)
                                       (29.7% logic, 70.3% route)

=========================================================================
Timing constraint: Default OFFSET IN BEFORE for Clock 'clk'
  Total number of paths / destination ports: 67 / 43
-------------------------------------------------------------------------
Offset:              4.561ns (Levels of Logic = 4)
  Source:            tick (PAD)
  Destination:       tick_counter_reg_2 (FF)
  Destination Clock: clk rising

  Data Path: tick to tick_counter_reg_2
                                Gate     Net
    Cell:in->out      fanout   Delay   Delay  Logical Name (Net Name)
    ----------------------------------------  ------------
     IBUF:I->O            18   1.328   1.690  tick_IBUF (tick_IBUF)
     LUT6:I0->O            1   0.254   0.000  Mmux_tick_counter_next211_SW3_G (N22)
     MUXF7:I1->O           1   0.175   0.790  Mmux_tick_counter_next211_SW3 (N17)
     LUT6:I4->O            1   0.250   0.000  Mmux_tick_counter_next31 (tick_counter_next<2>)
     FDC:D                     0.074          tick_counter_reg_2
    ----------------------------------------
    Total                      4.561ns (2.081ns logic, 2.480ns route)
                                       (45.6% logic, 54.4% route)

=========================================================================
Timing constraint: Default OFFSET OUT AFTER for Clock 'clk'
  Total number of paths / destination ports: 7 / 2
-------------------------------------------------------------------------
Offset:              6.993ns (Levels of Logic = 3)
  Source:            tick_counter_reg_2 (FF)
  Destination:       tx_done_tick (PAD)
  Source Clock:      clk rising

  Data Path: tick_counter_reg_2 to tx_done_tick
                                Gate     Net
    Cell:in->out      fanout   Delay   Delay  Logical Name (Net Name)
    ----------------------------------------  ------------
     FDC:C->Q              7   0.525   1.138  tick_counter_reg_2 (tick_counter_reg_2)
     LUT4:I1->O           11   0.235   1.267  tick_counter_reg[3]_PWR_5_o_equal_30_o<3>1 (tick_counter_reg[3]_PWR_5_o_equal_30_o)
     LUT4:I1->O            1   0.235   0.681  Mmux_tx_done_tick11 (tx_done_tick_OBUF)
     OBUF:I->O                 2.912          tx_done_tick_OBUF (tx_done_tick)
    ----------------------------------------
    Total                      6.993ns (3.907ns logic, 3.086ns route)
                                       (55.9% logic, 44.1% route)

=========================================================================
Timing constraint: Default path analysis
  Total number of paths / destination ports: 1 / 1
-------------------------------------------------------------------------
Delay:               6.686ns (Levels of Logic = 3)
  Source:            tick (PAD)
  Destination:       tx_done_tick (PAD)

  Data Path: tick to tx_done_tick
                                Gate     Net
    Cell:in->out      fanout   Delay   Delay  Logical Name (Net Name)
    ----------------------------------------  ------------
     IBUF:I->O            18   1.328   1.511  tick_IBUF (tick_IBUF)
     LUT4:I0->O            1   0.254   0.681  Mmux_tx_done_tick11 (tx_done_tick_OBUF)
     OBUF:I->O                 2.912          tx_done_tick_OBUF (tx_done_tick)
    ----------------------------------------
    Total                      6.686ns (4.494ns logic, 2.192ns route)
                                       (67.2% logic, 32.8% route)

=========================================================================

Cross Clock Domains Report:
--------------------------

Clock to Setup on destination clock clk
---------------+---------+---------+---------+---------+
               | Src:Rise| Src:Fall| Src:Rise| Src:Fall|
Source Clock   |Dest:Rise|Dest:Rise|Dest:Fall|Dest:Fall|
---------------+---------+---------+---------+---------+
clk            |    4.436|         |         |         |
---------------+---------+---------+---------+---------+

=========================================================================


Total REAL time to Xst completion: 5.00 secs
Total CPU time to Xst completion: 4.70 secs
 
--> 

Total memory usage is 4485768 kilobytes

Number of errors   :    0 (   0 filtered)
Number of warnings :    0 (   0 filtered)
Number of infos    :    0 (   0 filtered)

